<?xml version="1.0" encoding="UTF-8"?>
<testng-results ignored="0" total="1" passed="1" failed="0" skipped="0">
  <reporter-output>
  </reporter-output>
  <suite started-at="2022-12-25T13:54:26 BDT" name="Default suite" finished-at="2022-12-25T13:54:56 BDT" duration-ms="30064">
    <groups>
    </groups>
    <test started-at="2022-12-25T13:54:26 BDT" name="Default test" finished-at="2022-12-25T13:54:56 BDT" duration-ms="30064">
      <class name="webtests.PrintTest">
        <test-method is-config="true" signature="setBrowser()[pri:0, instance:webtests.PrintTest@1a6d8329]" started-at="2022-12-25T13:54:23 BDT" name="setBrowser" finished-at="2022-12-25T13:54:26 BDT" duration-ms="3226" status="PASS">
          <reporter-output>
          </reporter-output>
        </test-method> <!-- setBrowser -->
        <test-method signature="webTest()[pri:0, instance:webtests.PrintTest@1a6d8329]" started-at="2022-12-25T13:54:26 BDT" name="webTest" finished-at="2022-12-25T13:54:56 BDT" duration-ms="30034" status="PASS">
          <reporter-output>
          </reporter-output>
        </test-method> <!-- webTest -->
        <test-method is-config="true" signature="quitDriver()[pri:0, instance:webtests.PrintTest@1a6d8329]" started-at="2022-12-25T13:54:56 BDT" name="quitDriver" finished-at="2022-12-25T13:54:57 BDT" duration-ms="208" status="PASS">
          <reporter-output>
          </reporter-output>
        </test-method> <!-- quitDriver -->
      </class> <!-- webtests.PrintTest -->
    </test> <!-- Default test -->
  </suite> <!-- Default suite -->
</testng-results>
